# JRE version: OpenJDK Runtime Environment (8.0_112-b06) (build 1.8.0_112-release-b06)
# Java VM: OpenJDK 64-Bit Server VM (25.112-b06 mixed mode linux-amd64 compressed oops)
Heap:
 PSYoungGen      total 386048K, used 0K [0x00000000e0000000, 0x0000000100000000, 0x0000000100000000)
  eden space 248832K, 0% used [0x00000000e0000000,0x00000000e0000000,0x00000000ef300000)
  from space 137216K, 0% used [0x00000000f7a00000,0x00000000f7a00000,0x0000000100000000)
  to   space 137728K, 0% used [0x00000000ef300000,0x00000000ef300000,0x00000000f7980000)
 ParOldGen       total 823296K, used 808228K [0x00000000a0000000, 0x00000000d2400000, 0x00000000e0000000)
  object space 823296K, 98% used [0x00000000a0000000,0x00000000d1549280,0x00000000d2400000)
 Metaspace       used 235303K, capacity 245436K, committed 246144K, reserved 1263616K
  class space    used 30293K, capacity 32207K, committed 32384K, reserved 1048576K
GC Heap History (10 events):
Event: 2625.909 GC heap after
Heap after GC invocations=49 (full 7):
 PSYoungGen      total 370688K, used 41874K [0x00000000e0000000, 0x00000000ff500000, 0x0000000100000000)
  eden space 230400K, 0% used [0x00000000e0000000,0x00000000e0000000,0x00000000ee100000)
  from space 140288K, 29% used [0x00000000f6100000,0x00000000f89e4860,0x00000000fea00000)
  to   space 131072K, 0% used [0x00000000ee100000,0x00000000ee100000,0x00000000f6100000)
 ParOldGen       total 823296K, used 589027K [0x00000000a0000000, 0x00000000d2400000, 0x00000000e0000000)
  object space 823296K, 71% used [0x00000000a0000000,0x00000000c3f38fe0,0x00000000d2400000)
 Metaspace       used 198321K, capacity 207368K, committed 208000K, reserved 1230848K
  class space    used 25486K, capacity 27159K, committed 27264K, reserved 1048576K
}
Event: 2627.445 GC heap before
{Heap before GC invocations=50 (full 7):
 PSYoungGen      total 370688K, used 272274K [0x00000000e0000000, 0x00000000ff500000, 0x0000000100000000)
  eden space 230400K, 100% used [0x00000000e0000000,0x00000000ee100000,0x00000000ee100000)
  from space 140288K, 29% used [0x00000000f6100000,0x00000000f89e4860,0x00000000fea00000)
  to   space 131072K, 0% used [0x00000000ee100000,0x00000000ee100000,0x00000000f6100000)
 ParOldGen       total 823296K, used 589027K [0x00000000a0000000, 0x00000000d2400000, 0x00000000e0000000)
  object space 823296K, 71% used [0x00000000a0000000,0x00000000c3f38fe0,0x00000000d2400000)
 Metaspace       used 211062K, capacity 220536K, committed 221056K, reserved 1241088K
  class space    used 27148K, capacity 28917K, committed 29056K, reserved 1048576K
Event: 2627.553 GC heap after
Heap after GC invocations=50 (full 7):
 PSYoungGen      total 361472K, used 78747K [0x00000000e0000000, 0x0000000100000000, 0x0000000100000000)
  eden space 230400K, 0% used [0x00000000e0000000,0x00000000e0000000,0x00000000ee100000)
  from space 131072K, 60% used [0x00000000ee100000,0x00000000f2de6f98,0x00000000f6100000)
  to   space 135680K, 0% used [0x00000000f7b80000,0x00000000f7b80000,0x0000000100000000)
 ParOldGen       total 823296K, used 619579K [0x00000000a0000000, 0x00000000d2400000, 0x00000000e0000000)
  object space 823296K, 75% used [0x00000000a0000000,0x00000000c5d0ec50,0x00000000d2400000)
 Metaspace       used 211062K, capacity 220536K, committed 221056K, reserved 1241088K
  class space    used 27148K, capacity 28917K, committed 29056K, reserved 1048576K
}
Event: 2721.168 GC heap before
{Heap before GC invocations=51 (full 7):
 PSYoungGen      total 361472K, used 309147K [0x00000000e0000000, 0x0000000100000000, 0x0000000100000000)
  eden space 230400K, 100% used [0x00000000e0000000,0x00000000ee100000,0x00000000ee100000)
  from space 131072K, 60% used [0x00000000ee100000,0x00000000f2de6f98,0x00000000f6100000)
  to   space 135680K, 0% used [0x00000000f7b80000,0x00000000f7b80000,0x0000000100000000)
 ParOldGen       total 823296K, used 619579K [0x00000000a0000000, 0x00000000d2400000, 0x00000000e0000000)
  object space 823296K, 75% used [0x00000000a0000000,0x00000000c5d0ec50,0x00000000d2400000)
 Metaspace       used 211880K, capacity 221504K, committed 221952K, reserved 1243136K
  class space    used 27227K, capacity 29011K, committed 29184K, reserved 1048576K
Event: 2721.297 GC heap after
Heap after GC invocations=51 (full 7):
 PSYoungGen      total 389120K, used 18108K [0x00000000e0000000, 0x00000000ffc80000, 0x0000000100000000)
  eden space 257024K, 0% used [0x00000000e0000000,0x00000000e0000000,0x00000000efb00000)
  from space 132096K, 13% used [0x00000000f7b80000,0x00000000f8d2f178,0x00000000ffc80000)
  to   space 131584K, 0% used [0x00000000efb00000,0x00000000efb00000,0x00000000f7b80000)
 ParOldGen       total 823296K, used 684800K [0x00000000a0000000, 0x00000000d2400000, 0x00000000e0000000)
  object space 823296K, 83% used [0x00000000a0000000,0x00000000c9cc0368,0x00000000d2400000)
 Metaspace       used 211880K, capacity 221504K, committed 221952K, reserved 1243136K
  class space    used 27227K, capacity 29011K, committed 29184K, reserved 1048576K
}
Event: 2722.841 GC heap before
{Heap before GC invocations=52 (full 7):
 PSYoungGen      total 389120K, used 275132K [0x00000000e0000000, 0x00000000ffc80000, 0x0000000100000000)
  eden space 257024K, 100% used [0x00000000e0000000,0x00000000efb00000,0x00000000efb00000)
  from space 132096K, 13% used [0x00000000f7b80000,0x00000000f8d2f178,0x00000000ffc80000)
  to   space 131584K, 0% used [0x00000000efb00000,0x00000000efb00000,0x00000000f7b80000)
 ParOldGen       total 823296K, used 684800K [0x00000000a0000000, 0x00000000d2400000, 0x00000000e0000000)
  object space 823296K, 83% used [0x00000000a0000000,0x00000000c9cc0368,0x00000000d2400000)
 Metaspace       used 223942K, capacity 233874K, committed 234368K, reserved 1253376K
  class space    used 28819K, capacity 30684K, committed 30848K, reserved 1048576K
Event: 2722.941 GC heap after
Heap after GC invocations=52 (full 7):
 PSYoungGen      total 340992K, used 83604K [0x00000000e0000000, 0x0000000100000000, 0x0000000100000000)
  eden space 257024K, 0% used [0x00000000e0000000,0x00000000e0000000,0x00000000efb00000)
  from space 83968K, 99% used [0x00000000efb00000,0x00000000f4ca5198,0x00000000f4d00000)
  to   space 137216K, 0% used [0x00000000f7a00000,0x00000000f7a00000,0x0000000100000000)
 ParOldGen       total 823296K, used 700189K [0x00000000a0000000, 0x00000000d2400000, 0x00000000e0000000)
  object space 823296K, 85% used [0x00000000a0000000,0x00000000cabc7770,0x00000000d2400000)
 Metaspace       used 223942K, capacity 233874K, committed 234368K, reserved 1253376K
  class space    used 28819K, capacity 30684K, committed 30848K, reserved 1048576K
}
Event: 2782.901 GC heap before
{Heap before GC invocations=53 (full 7):
 PSYoungGen      total 340992K, used 340628K [0x00000000e0000000, 0x0000000100000000, 0x0000000100000000)
  eden space 257024K, 100% used [0x00000000e0000000,0x00000000efb00000,0x00000000efb00000)
  from space 83968K, 99% used [0x00000000efb00000,0x00000000f4ca5198,0x00000000f4d00000)
  to   space 137216K, 0% used [0x00000000f7a00000,0x00000000f7a00000,0x0000000100000000)
 ParOldGen       total 823296K, used 700189K [0x00000000a0000000, 0x00000000d2400000, 0x00000000e0000000)
  object space 823296K, 85% used [0x00000000a0000000,0x00000000cabc7770,0x00000000d2400000)
 Metaspace       used 235456K, capacity 245682K, committed 246144K, reserved 1263616K
  class space    used 30315K, capacity 32248K, committed 32384K, reserved 1048576K
Event: 2783.042 GC heap after
Heap after GC invocations=53 (full 7):
 PSYoungGen      total 386048K, used 72711K [0x00000000e0000000, 0x0000000100000000, 0x0000000100000000)
  eden space 248832K, 0% used [0x00000000e0000000,0x00000000e0000000,0x00000000ef300000)
  from space 137216K, 52% used [0x00000000f7a00000,0x00000000fc101f10,0x0000000100000000)
  to   space 137728K, 0% used [0x00000000ef300000,0x00000000ef300000,0x00000000f7980000)
 ParOldGen       total 823296K, used 758191K [0x00000000a0000000, 0x00000000d2400000, 0x00000000e0000000)
  object space 823296K, 92% used [0x00000000a0000000,0x00000000ce46be00,0x00000000d2400000)
 Metaspace       used 235456K, capacity 245682K, committed 246144K, reserved 1263616K
  class space    used 30315K, capacity 32248K, committed 32384K, reserved 1048576K
}
Event: 2783.042 GC heap before
{Heap before GC invocations=54 (full 8):
 PSYoungGen      total 386048K, used 72711K [0x00000000e0000000, 0x0000000100000000, 0x0000000100000000)
  eden space 248832K, 0% used [0x00000000e0000000,0x00000000e0000000,0x00000000ef300000)
  from space 137216K, 52% used [0x00000000f7a00000,0x00000000fc101f10,0x0000000100000000)
  to   space 137728K, 0% used [0x00000000ef300000,0x00000000ef300000,0x00000000f7980000)
 ParOldGen       total 823296K, used 758191K [0x00000000a0000000, 0x00000000d2400000, 0x00000000e0000000)
  object space 823296K, 92% used [0x00000000a0000000,0x00000000ce46be00,0x00000000d2400000)
 Metaspace       used 235456K, capacity 245682K, committed 246144K, reserved 1263616K
  class space    used 30315K, capacity 32248K, committed 32384K, reserved 1048576K

